[debug] [2023-03-05T15:30:44.723Z] ----------------------------------------------------------------------
[debug] [2023-03-05T15:30:44.728Z] Command:       C:\Program Files\nodejs\node.exe C:\Users\HAYAT TRADERS\AppData\Roaming\npm\node_modules\firebase-tools\lib\bin\firebase.js login
[debug] [2023-03-05T15:30:44.729Z] CLI Version:   11.24.0
[debug] [2023-03-05T15:30:44.730Z] Platform:      win32
[debug] [2023-03-05T15:30:44.730Z] Node Version:  v18.13.0
[debug] [2023-03-05T15:30:44.731Z] Time:          Sun Mar 05 2023 20:30:44 GMT+0500 (Pakistan Standard Time)
[debug] [2023-03-05T15:30:44.732Z] ----------------------------------------------------------------------
[debug] 
[debug] [2023-03-05T15:30:44.742Z] >>> [apiv2][query] GET https://firebase-public.firebaseio.com/cli.json [none]
[info] i  Firebase optionally collects CLI and Emulator Suite usage and error reporting information to help improve our products. Data is collected in accordance with Google's privacy policy (https://policies.google.com/privacy) and is not used to identify you.
 
[info] i  To change your data collection preference at any time, run `firebase logout` and log in again. 
[info] 
[info] Visit this URL on this device to log in:
[info] https://accounts.google.com/o/oauth2/auth?client_id=563584335869-fgrhgmd47bqnekij5i8b5pr03ho849e6.apps.googleusercontent.com&scope=email%20openid%20https%3A%2F%2Fwww.googleapis.com%2Fauth%2Fcloudplatformprojects.readonly%20https%3A%2F%2Fwww.googleapis.com%2Fauth%2Ffirebase%20https%3A%2F%2Fwww.googleapis.com%2Fauth%2Fcloud-platform&response_type=code&state=558372482&redirect_uri=http%3A%2F%2Flocalhost%3A9005
[info] 
[info] Waiting for authentication...
[debug] [2023-03-05T15:31:01.348Z] <<< [apiv2][status] GET https://firebase-public.firebaseio.com/cli.json 200
[debug] [2023-03-05T15:31:01.349Z] <<< [apiv2][body] GET https://firebase-public.firebaseio.com/cli.json {"cloudBuildErrorAfter":1594252800000,"cloudBuildWarnAfter":1590019200000,"defaultNode10After":1594252800000,"minVersion":"3.0.5","node8DeploysDisabledAfter":1613390400000,"node8RuntimeDisabledAfter":1615809600000,"node8WarnAfter":1600128000000}
[debug] [2023-03-05T15:31:15.405Z] >>> [apiv2][query] POST https://accounts.google.com/o/oauth2/token [none]
[debug] [2023-03-05T15:31:15.407Z] >>> [apiv2][body] POST https://accounts.google.com/o/oauth2/token [omitted]
[debug] [2023-03-05T15:31:19.528Z] <<< [apiv2][status] POST https://accounts.google.com/o/oauth2/token 200
[debug] [2023-03-05T15:31:19.530Z] <<< [apiv2][body] POST https://accounts.google.com/o/oauth2/token [omitted]
[info] 
[info] +  Success! Logged in as qavi.shaikh11@gmail.com 
[debug] [2023-03-05T15:31:29.727Z] Error: Timed out.
    at Timeout._onTimeout (C:\Users\HAYAT TRADERS\AppData\Roaming\npm\node_modules\firebase-tools\lib\utils.js:253:49)
    at listOnTimeout (node:internal/timers:564:17)
    at process.processTimers (node:internal/timers:507:7)
[error] 
[error] Error: An unexpected error has occurred.
[debug] [2023-03-05T15:34:51.330Z] ----------------------------------------------------------------------
[debug] [2023-03-05T15:34:51.335Z] Command:       C:\Program Files\nodejs\node.exe C:\Users\HAYAT TRADERS\AppData\Roaming\npm\node_modules\firebase-tools\lib\bin\firebase.js init
[debug] [2023-03-05T15:34:51.337Z] CLI Version:   11.24.0
[debug] [2023-03-05T15:34:51.338Z] Platform:      win32
[debug] [2023-03-05T15:34:51.338Z] Node Version:  v18.13.0
[debug] [2023-03-05T15:34:51.339Z] Time:          Sun Mar 05 2023 20:34:51 GMT+0500 (Pakistan Standard Time)
[debug] [2023-03-05T15:34:51.340Z] ----------------------------------------------------------------------
[debug] 
[debug] [2023-03-05T15:34:51.359Z] > command requires scopes: ["email","openid","https://www.googleapis.com/auth/cloudplatformprojects.readonly","https://www.googleapis.com/auth/firebase","https://www.googleapis.com/auth/cloud-platform"]
[debug] [2023-03-05T15:34:51.360Z] > authorizing via signed-in user (qavi.shaikh11@gmail.com)
[info] 
     ######## #### ########  ######## ########     ###     ######  ########
     ##        ##  ##     ## ##       ##     ##  ##   ##  ##       ##
     ######    ##  ########  ######   ########  #########  ######  ######
     ##        ##  ##    ##  ##       ##     ## ##     ##       ## ##
     ##       #### ##     ## ######## ########  ##     ##  ######  ########

You're about to initialize a Firebase project in this directory:

  C:\Users\HAYAT TRADERS\Desktop\Project

[info] 
=== Project Setup
[info] 
[info] First, let's associate this project directory with a Firebase project.
[info] You can create multiple project aliases by running firebase use --add, 
[info] but for now we'll just set up a default project.
[info] 
[debug] [2023-03-05T15:36:36.965Z] >>> [apiv2][query] GET https://firebase.googleapis.com/v1beta1/projects pageSize=100
[debug] [2023-03-05T15:36:42.579Z] <<< [apiv2][status] GET https://firebase.googleapis.com/v1beta1/projects 200
[debug] [2023-03-05T15:36:42.584Z] <<< [apiv2][body] GET https://firebase.googleapis.com/v1beta1/projects [omitted]
[info] i  Using project qavi-super-mart (Qavi Super Mart) 
[info] 
=== Hosting Setup
[info] 
[info] Your public directory is the folder (relative to your project directory) that
[info] will contain Hosting assets to be uploaded with firebase deploy. If you
[info] have a build process for your assets, use your build's output directory.
[info] 
[debug] [2023-03-05T15:37:42.243Z] >>> [apiv2][query] GET https://www.gstatic.com/firebasejs/releases.json [none]
[debug] [2023-03-05T15:38:38.929Z] ----------------------------------------------------------------------
[debug] [2023-03-05T15:38:38.935Z] Command:       C:\Program Files\nodejs\node.exe C:\Users\HAYAT TRADERS\AppData\Roaming\npm\node_modules\firebase-tools\lib\bin\firebase.js init
[debug] [2023-03-05T15:38:38.937Z] CLI Version:   11.24.0
[debug] [2023-03-05T15:38:38.937Z] Platform:      win32
[debug] [2023-03-05T15:38:38.937Z] Node Version:  v18.13.0
[debug] [2023-03-05T15:38:38.939Z] Time:          Sun Mar 05 2023 20:38:38 GMT+0500 (Pakistan Standard Time)
[debug] [2023-03-05T15:38:38.940Z] ----------------------------------------------------------------------
[debug] 
[debug] [2023-03-05T15:38:38.967Z] > command requires scopes: ["email","openid","https://www.googleapis.com/auth/cloudplatformprojects.readonly","https://www.googleapis.com/auth/firebase","https://www.googleapis.com/auth/cloud-platform"]
[debug] [2023-03-05T15:38:38.968Z] > authorizing via signed-in user (qavi.shaikh11@gmail.com)
[info] 
     ######## #### ########  ######## ########     ###     ######  ########
     ##        ##  ##     ## ##       ##     ##  ##   ##  ##       ##
     ######    ##  ########  ######   ########  #########  ######  ######
     ##        ##  ##    ##  ##       ##     ## ##     ##       ## ##
     ##       #### ##     ## ######## ########  ##     ##  ######  ########

You're about to initialize a Firebase project in this directory:

  C:\Users\HAYAT TRADERS\Desktop\Project

[info] 
=== Project Setup
[info] 
[info] First, let's associate this project directory with a Firebase project.
[info] You can create multiple project aliases by running firebase use --add, 
[info] but for now we'll just set up a default project.
[info] 
[debug] [2023-03-05T15:40:02.146Z] >>> [apiv2][query] GET https://firebase.googleapis.com/v1beta1/projects pageSize=100
[debug] [2023-03-05T15:40:03.410Z] <<< [apiv2][status] GET https://firebase.googleapis.com/v1beta1/projects 200
[debug] [2023-03-05T15:40:03.411Z] <<< [apiv2][body] GET https://firebase.googleapis.com/v1beta1/projects [omitted]
[info] i  Using project qavi-super-mart (Qavi Super Mart) 
[info] 
=== Hosting Setup
[info] 
[info] Your public directory is the folder (relative to your project directory) that
[info] will contain Hosting assets to be uploaded with firebase deploy. If you
[info] have a build process for your assets, use your build's output directory.
[info] 
[debug] [2023-03-05T15:40:14.348Z] >>> [apiv2][query] GET https://www.gstatic.com/firebasejs/releases.json [none]
[debug] [2023-03-05T15:40:15.344Z] <<< [apiv2][status] GET https://www.gstatic.com/firebasejs/releases.json 200
[debug] [2023-03-05T15:40:15.346Z] <<< [apiv2][body] GET https://www.gstatic.com/firebasejs/releases.json {"current":{"version":"9.17.2","browserURL":"https://www.gstatic.com/firebasejs/9.17.2/firebase.js","packageURL":"https://www.gstatic.com/firebasejs/9.17.2/firebase.tgz"},"live":{"version":"9.17","browserURL":"https://www.gstatic.com/firebasejs/live/9.17/firebase.js","packageURL":"https://www.gstatic.com/firebasejs/live/9.17/firebase.tgz"},"components":{"analytics":"https://www.gstatic.com/firebasejs/9.17.2/firebase-analytics.js","app":"https://www.gstatic.com/firebasejs/9.17.2/firebase-app.js","app-check":"https://www.gstatic.com/firebasejs/9.17.2/firebase-app-check.js","auth":"https://www.gstatic.com/firebasejs/9.17.2/firebase-auth.js","auth/cordova":"https://www.gstatic.com/firebasejs/9.17.2/firebase-auth/cordova.js","auth/react-native":"https://www.gstatic.com/firebasejs/9.17.2/firebase-auth/react-native.js","functions":"https://www.gstatic.com/firebasejs/9.17.2/firebase-functions.js","firestore":"https://www.gstatic.com/firebasejs/9.17.2/firebase-firestore.js","firestore/lite":"https://www.gstatic.com/firebasejs/9.17.2/firebase-firestore/lite.js","installations":"https://www.gstatic.com/firebasejs/9.17.2/firebase-installations.js","storage":"https://www.gstatic.com/firebasejs/9.17.2/firebase-storage.js","performance":"https://www.gstatic.com/firebasejs/9.17.2/firebase-performance.js","remote-config":"https://www.gstatic.com/firebasejs/9.17.2/firebase-remote-config.js","messaging":"https://www.gstatic.com/firebasejs/9.17.2/firebase-messaging.js","messaging/sw":"https://www.gstatic.com/firebasejs/9.17.2/firebase-messaging/sw.js","database":"https://www.gstatic.com/firebasejs/9.17.2/firebase-database.js","firestore.memory":"https://www.gstatic.com/firebasejs/9.17.2/firebase-firestore.memory.js"}}
[info] +  Wrote public/index.html 
[info] 
[info] i  Didn't detect a .git folder. Assuming C:\Users\HAYAT TRADERS\Desktop\Project is the project root. 
[info] i  Authorizing with GitHub to upload your service account to a GitHub repository's secrets store. 
[info] 
[info] Visit this URL on this device to log in:
[info] https://github.com/login/oauth/authorize?client_id=89cf50f02ac6aaed3484&state=143078040&redirect_uri=http%3A%2F%2Flocalhost%3A9005&scope=read%3Auser%20repo%20public_repo
[info] 
[info] Waiting for authentication...
[debug] [2023-03-05T15:41:59.429Z] >>> [apiv2][query] POST https://github.com/login/oauth/access_token [none]
[debug] [2023-03-05T15:41:59.430Z] >>> [apiv2][body] POST https://github.com/login/oauth/access_token [stream]
[debug] [2023-03-05T15:41:59.943Z] <<< [apiv2][status] POST https://github.com/login/oauth/access_token 200
[debug] [2023-03-05T15:41:59.944Z] <<< [apiv2][body] POST https://github.com/login/oauth/access_token {"access_token":"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","token_type":"bearer","scope":"read:user,repo"}
[debug] [2023-03-05T15:42:00.011Z] >>> [apiv2][query] GET https://api.github.com/user [none]
[debug] [2023-03-05T15:42:11.370Z] <<< [apiv2][status] GET https://api.github.com/user 200
[debug] [2023-03-05T15:42:11.371Z] <<< [apiv2][body] GET https://api.github.com/user {"login":"qavishaikh","id":95549250,"node_id":"U_kgDOBbH3Qg","avatar_url":"https://avatars.githubusercontent.com/u/95549250?v=4","gravatar_id":"","url":"https://api.github.com/users/qavishaikh","html_url":"https://github.com/qavishaikh","followers_url":"https://api.github.com/users/qavishaikh/followers","following_url":"https://api.github.com/users/qavishaikh/following{/other_user}","gists_url":"https://api.github.com/users/qavishaikh/gists{/gist_id}","starred_url":"https://api.github.com/users/qavishaikh/starred{/owner}{/repo}","subscriptions_url":"https://api.github.com/users/qavishaikh/subscriptions","organizations_url":"https://api.github.com/users/qavishaikh/orgs","repos_url":"https://api.github.com/users/qavishaikh/repos","events_url":"https://api.github.com/users/qavishaikh/events{/privacy}","received_events_url":"https://api.github.com/users/qavishaikh/received_events","type":"User","site_admin":false,"name":"Muhammad Qavi","company":null,"blog":"https://qavishaikh-portfolio-com.netlify.app","location":"Pakistan SIndh","email":null,"hireable":true,"bio":"Hello, \r\nMySelf Muhammad Qavi Shaikh\r\nI am a Student of BSIT,\r\nand I am a Web Developer","twitter_username":null,"public_repos":0,"public_gists":0,"followers":1,"following":1,"created_at":"2021-12-04T21:43:31Z","updated_at":"2023-03-03T11:23:15Z","private_gists":0,"total_private_repos":1,"owned_private_repos":1,"disk_usage":5383,"collaborators":0,"two_factor_authentication":false,"plan":{"name":"free","space":976562499,"collaborators":0,"private_repos":10000}}
[info] 
[info] +  Success! Logged into GitHub as qavishaikh 
[info] 
[debug] [2023-03-05T15:42:20.711Z] >>> [apiv2][query] GET https://api.github.com/repos/y/actions/secrets/public-key type=owner
[debug] [2023-03-05T15:42:25.905Z] <<< [apiv2][status] GET https://api.github.com/repos/y/actions/secrets/public-key 404
[debug] [2023-03-05T15:42:25.906Z] <<< [apiv2][body] GET https://api.github.com/repos/y/actions/secrets/public-key {"message":"Not Found","documentation_url":"https://docs.github.com/rest"}
[debug] [2023-03-05T15:42:29.369Z] >>> [apiv2][query] GET https://api.github.com/repos/yes/actions/secrets/public-key type=owner
[debug] [2023-03-05T15:42:37.488Z] <<< [apiv2][status] GET https://api.github.com/repos/yes/actions/secrets/public-key 404
[debug] [2023-03-05T15:42:37.489Z] <<< [apiv2][body] GET https://api.github.com/repos/yes/actions/secrets/public-key {"message":"Not Found","documentation_url":"https://docs.github.com/rest"}
[debug] [2023-03-05T15:43:26.188Z] >>> [apiv2][query] GET https://api.github.com/repos/yes/actions/secrets/public-key type=owner
[debug] [2023-03-05T15:43:29.007Z] <<< [apiv2][status] GET https://api.github.com/repos/yes/actions/secrets/public-key 404
[debug] [2023-03-05T15:43:29.008Z] <<< [apiv2][body] GET https://api.github.com/repos/yes/actions/secrets/public-key {"message":"Not Found","documentation_url":"https://docs.github.com/rest"}
